app/build/intermediates/manifest_merge_blame_file/release/manifest-merger-blame-release-report.txt
1<?xml version="1.0" encoding="utf-8"?>
2<manifest xmlns:android="http://schemas.android.com/apk/res/android"
3    package="berthold.beamcalc"
4    android:versionCode="27"
5    android:versionName="2.7" >
6
7    <uses-sdk
8        android:minSdkVersion="23"
8-->src/main/AndroidManifest.xml
9        android:targetSdkVersion="30" />
9-->src/main/AndroidManifest.xml
10
11    <!-- Permissions -->
12    <uses-permission android:name="android.permission.ACCESS_NETWORK_STATE" />
12-->src/main/AndroidManifest.xml:6:5-79
12-->src/main/AndroidManifest.xml:6:22-76
13    <uses-permission android:name="android.permission.READ_EXTERNAL_STORAGE" />
13-->src/main/AndroidManifest.xml:7:5-80
13-->src/main/AndroidManifest.xml:7:22-77
14    <uses-permission android:name="android.permission.WRITE_EXTERNAL_STORAGE" />
14-->src/main/AndroidManifest.xml:8:5-81
14-->src/main/AndroidManifest.xml:8:22-78
15    <uses-permission android:name="android.permission.INTERNET" />
15-->src/main/AndroidManifest.xml:9:5-66
15-->src/main/AndroidManifest.xml:9:22-64
16
17    <!-- Activity's -->
18    <application
18-->src/main/AndroidManifest.xml:12:5-31:19
19        android:allowBackup="true"
19-->src/main/AndroidManifest.xml:13:9-35
20        android:appComponentFactory="androidx.core.app.CoreComponentFactory"
20-->[androidx.core:core:1.5.0] AndroidManifest.xml:24:18-86
21        android:extractNativeLibs="false"
22        android:icon="@mipmap/icon"
22-->src/main/AndroidManifest.xml:14:9-36
23        android:label="@string/app_name"
23-->src/main/AndroidManifest.xml:15:9-41
24        android:supportsRtl="true"
24-->src/main/AndroidManifest.xml:16:9-35
25        android:theme="@style/AppTheme" >
25-->src/main/AndroidManifest.xml:17:9-40
26        <activity
26-->src/main/AndroidManifest.xml:18:9-27:20
27            android:name="berthold.beamcalc.MainActivity"
27-->src/main/AndroidManifest.xml:19:13-41
28            android:label="@string/app_name"
28-->src/main/AndroidManifest.xml:20:13-45
29            android:theme="@style/AppTheme.NoActionBar" >
29-->src/main/AndroidManifest.xml:21:13-56
30            <intent-filter>
30-->src/main/AndroidManifest.xml:22:13-26:29
31                <action android:name="android.intent.action.MAIN" />
31-->src/main/AndroidManifest.xml:23:17-69
31-->src/main/AndroidManifest.xml:23:25-66
32
33                <category android:name="android.intent.category.LAUNCHER" />
33-->src/main/AndroidManifest.xml:25:17-77
33-->src/main/AndroidManifest.xml:25:27-74
34            </intent-filter>
35        </activity>
36        <activity android:name="berthold.beamcalc.SaveBeamDrawing" />
36-->src/main/AndroidManifest.xml:28:9-53
36-->src/main/AndroidManifest.xml:28:19-50
37        <activity android:name="berthold.filedialogtool.FileDialog" />
37-->src/main/AndroidManifest.xml:29:9-71
37-->src/main/AndroidManifest.xml:29:19-68
38        <activity android:name="berthold.beamcalc.InfoActivity" />
38-->src/main/AndroidManifest.xml:30:9-59
38-->src/main/AndroidManifest.xml:30:19-47
39        <!-- The activities will be merged into the manifest of the hosting app. -->
40        <activity
40-->[com.google.android.play:core-common:2.0.0] AndroidManifest.xml:14:9-18:65
41            android:name="com.google.android.play.core.common.PlayCoreDialogWrapperActivity"
41-->[com.google.android.play:core-common:2.0.0] AndroidManifest.xml:15:13-93
42            android:exported="false"
42-->[com.google.android.play:core-common:2.0.0] AndroidManifest.xml:16:13-37
43            android:stateNotNeeded="true"
43-->[com.google.android.play:core-common:2.0.0] AndroidManifest.xml:17:13-42
44            android:theme="@style/Theme.PlayCore.Transparent" />
44-->[com.google.android.play:core-common:2.0.0] AndroidManifest.xml:18:13-62
45
46        <meta-data
46-->[com.google.android.gms:play-services-basement:16.0.1] AndroidManifest.xml:23:9-25:69
47            android:name="com.google.android.gms.version"
47-->[com.google.android.gms:play-services-basement:16.0.1] AndroidManifest.xml:24:13-58
48            android:value="@integer/google_play_services_version" />
48-->[com.google.android.gms:play-services-basement:16.0.1] AndroidManifest.xml:25:13-66
49    </application>
50
51</manifest>